<?xml version="1.0" encoding="UTF-8"?>
<testsuite name="org.example.service.StatsServiceTest" tests="4" skipped="0" failures="0" errors="0" timestamp="2025-11-24T19:33:41" hostname="DESKTOP-LCBSLL9" time="0.159">
  <properties/>
  <testcase name="Debe retornar todo en 0 si la BD está vacía" classname="org.example.service.StatsServiceTest" time="0.149"/>
  <testcase name="Debe manejar división por cero: 0 humanos, &gt;0 mutantes" classname="org.example.service.StatsServiceTest" time="0.003"/>
  <testcase name="Debe retornar ratio 0.0 si no hay mutantes" classname="org.example.service.StatsServiceTest" time="0.002"/>
  <testcase name="Debe calcular ratio correcto con mutantes y humanos (0.4)" classname="org.example.service.StatsServiceTest" time="0.002"/>
  <system-out><![CDATA[]]></system-out>
  <system-err><![CDATA[]]></system-err>
</testsuite>
